  EarthCard.cpp
E:\BlagoOOP\Contra\Contra\EarthCard.cpp(102,10): error C2039: 'cout': is not a member of 'std'
C:\Program Files (x86)\Microsoft Visual Studio\2019\Community\VC\Tools\MSVC\14.27.29110\include\fstream(26): message : see declaration of 'std'
E:\BlagoOOP\Contra\Contra\EarthCard.cpp(102,15): error C2065: 'cout': undeclared identifier
E:\BlagoOOP\Contra\Contra\EarthCard.cpp(103,10): error C2039: 'cout': is not a member of 'std'
C:\Program Files (x86)\Microsoft Visual Studio\2019\Community\VC\Tools\MSVC\14.27.29110\include\fstream(26): message : see declaration of 'std'
E:\BlagoOOP\Contra\Contra\EarthCard.cpp(103,15): error C2065: 'cout': undeclared identifier
E:\BlagoOOP\Contra\Contra\EarthCard.cpp(104,10): error C2039: 'cout': is not a member of 'std'
C:\Program Files (x86)\Microsoft Visual Studio\2019\Community\VC\Tools\MSVC\14.27.29110\include\fstream(26): message : see declaration of 'std'
E:\BlagoOOP\Contra\Contra\EarthCard.cpp(104,15): error C2065: 'cout': undeclared identifier
  FireCard.cpp
E:\BlagoOOP\Contra\Contra\FireCard.cpp(92,10): error C2039: 'cout': is not a member of 'std'
C:\Program Files (x86)\Microsoft Visual Studio\2019\Community\VC\Tools\MSVC\14.27.29110\include\fstream(26): message : see declaration of 'std'
E:\BlagoOOP\Contra\Contra\FireCard.cpp(92,15): error C2065: 'cout': undeclared identifier
E:\BlagoOOP\Contra\Contra\FireCard.cpp(93,10): error C2039: 'cout': is not a member of 'std'
C:\Program Files (x86)\Microsoft Visual Studio\2019\Community\VC\Tools\MSVC\14.27.29110\include\fstream(26): message : see declaration of 'std'
E:\BlagoOOP\Contra\Contra\FireCard.cpp(93,15): error C2065: 'cout': undeclared identifier
E:\BlagoOOP\Contra\Contra\FireCard.cpp(94,10): error C2039: 'cout': is not a member of 'std'
C:\Program Files (x86)\Microsoft Visual Studio\2019\Community\VC\Tools\MSVC\14.27.29110\include\fstream(26): message : see declaration of 'std'
E:\BlagoOOP\Contra\Contra\FireCard.cpp(94,15): error C2065: 'cout': undeclared identifier
  main.cpp
  WaterCard.cpp
E:\BlagoOOP\Contra\Contra\WaterCard.cpp(94,10): error C2039: 'cout': is not a member of 'std'
C:\Program Files (x86)\Microsoft Visual Studio\2019\Community\VC\Tools\MSVC\14.27.29110\include\fstream(26): message : see declaration of 'std'
E:\BlagoOOP\Contra\Contra\WaterCard.cpp(94,15): error C2065: 'cout': undeclared identifier
E:\BlagoOOP\Contra\Contra\WaterCard.cpp(95,10): error C2039: 'cout': is not a member of 'std'
C:\Program Files (x86)\Microsoft Visual Studio\2019\Community\VC\Tools\MSVC\14.27.29110\include\fstream(26): message : see declaration of 'std'
E:\BlagoOOP\Contra\Contra\WaterCard.cpp(95,15): error C2065: 'cout': undeclared identifier
E:\BlagoOOP\Contra\Contra\WaterCard.cpp(96,10): error C2039: 'cout': is not a member of 'std'
C:\Program Files (x86)\Microsoft Visual Studio\2019\Community\VC\Tools\MSVC\14.27.29110\include\fstream(26): message : see declaration of 'std'
E:\BlagoOOP\Contra\Contra\WaterCard.cpp(96,15): error C2065: 'cout': undeclared identifier
  WindCard.cpp
E:\BlagoOOP\Contra\Contra\WindCard.cpp(92,10): error C2039: 'cout': is not a member of 'std'
C:\Program Files (x86)\Microsoft Visual Studio\2019\Community\VC\Tools\MSVC\14.27.29110\include\fstream(26): message : see declaration of 'std'
E:\BlagoOOP\Contra\Contra\WindCard.cpp(92,15): error C2065: 'cout': undeclared identifier
E:\BlagoOOP\Contra\Contra\WindCard.cpp(93,10): error C2039: 'cout': is not a member of 'std'
C:\Program Files (x86)\Microsoft Visual Studio\2019\Community\VC\Tools\MSVC\14.27.29110\include\fstream(26): message : see declaration of 'std'
E:\BlagoOOP\Contra\Contra\WindCard.cpp(93,15): error C2065: 'cout': undeclared identifier
E:\BlagoOOP\Contra\Contra\WindCard.cpp(94,10): error C2039: 'cout': is not a member of 'std'
C:\Program Files (x86)\Microsoft Visual Studio\2019\Community\VC\Tools\MSVC\14.27.29110\include\fstream(26): message : see declaration of 'std'
E:\BlagoOOP\Contra\Contra\WindCard.cpp(94,15): error C2065: 'cout': undeclared identifier
  Generating Code...
